<?xml version="1.0" encoding="UTF-8"?>
<testsuites name="login" time="66.306" tests="2" failures="0" errors="0">
   <testsuite name="login" tests="2" failures="0" errors="0" time="66.306" skipped="0" timestamp="2025-12-18T20:34:38.081Z" hostname="Shashi Prasanjit - Shashi" id="Test Suites/login">
      <properties>
[...]
</properties>
      <testcase name="Test Cases/HRIS/SignIn/invalid_login" time="17.429" classname="Test Cases/HRIS/SignIn/invalid_login" status="PASSED">
         <system-out><![CDATA[19-12-2025T02:04:40 - [TEST_CASE][PASSED] - Test Cases/HRIS/SignIn/invalid_login: Test Cases/HRIS/SignIn/invalid_login

19-12-2025T02:04:41 - [TEST_STEP][PASSED] - openBrowser("https://qahris.trilasoft.com/"): Browser is opened with url: 'https://qahris.trilasoft.com/'

19-12-2025T02:04:43 - [MESSAGE][INFO] - User set preference: ['browserVersion', '145']

19-12-2025T02:04:43 - [MESSAGE][INFO] - User set preference: ['browserName', 'chrome']

19-12-2025T02:04:43 - [MESSAGE][INFO] - User set preference: ['platformName', 'windows']

19-12-2025T02:04:43 - [MESSAGE][INFO] - User set preference: ['katalon:options', '{metadata={organizationId=2917188, accountId=1625304, channel=kse;v=10.4.0, projectId=2924007}, executionMode=queue, browserVersionType=Dev, usingTunnel=false}']

19-12-2025T02:04:43 - [MESSAGE][INFO] - Connecting to remote web server 'testcloud.katalon.com/wd/hub' with type 'Selenium'

19-12-2025T02:04:44 - [MESSAGE][INFO] - Action delay is set to 0 milliseconds

19-12-2025T02:04:53 - [MESSAGE][WARNING] - Your browser version or type does not support the BiDirectional WebDriver Protocol which is required for Smart Locator functionality. Please update your browser or switch to a compatible one.

19-12-2025T02:04:53 - [MESSAGE][WARNING] - Your browser version or type does not support the BiDirectional WebDriver Protocol which is required for Smart Locator functionality. Please update your browser or switch to a compatible one.

19-12-2025T02:04:53 - [MESSAGE][WARNING] - Your browser version or type does not support the BiDirectional WebDriver Protocol which is required for Smart Locator functionality. Please update your browser or switch to a compatible one.

19-12-2025T02:04:57 - [MESSAGE][PASSED] - Browser is opened with url: 'https://qahris.trilasoft.com/'

19-12-2025T02:04:57 - [TEST_STEP][PASSED] - closeBrowser(): Browser is closed

19-12-2025T02:04:57 - [MESSAGE][PASSED] - Browser is closed]]></system-out>
         <system-err><![CDATA[]]></system-err>
      </testcase>
      <testcase name="Test Cases/HRIS/SignIn/login" time="46.566" classname="Test Cases/HRIS/SignIn/login" status="PASSED">
         <system-out><![CDATA[19-12-2025T02:04:57 - [TEST_CASE][PASSED] - Test Cases/HRIS/SignIn/login: Test Cases/HRIS/SignIn/login

19-12-2025T02:04:57 - [TEST_STEP][PASSED] - openBrowser("https://qahris.trilasoft.com/"): Browser is opened with url: 'https://qahris.trilasoft.com/'

19-12-2025T02:04:57 - [MESSAGE][INFO] - User set preference: ['browserVersion', '145']

19-12-2025T02:04:57 - [MESSAGE][INFO] - User set preference: ['browserName', 'chrome']

19-12-2025T02:04:57 - [MESSAGE][INFO] - User set preference: ['platformName', 'windows']

19-12-2025T02:04:57 - [MESSAGE][INFO] - User set preference: ['katalon:options', '{metadata={organizationId=2917188, accountId=1625304, channel=kse;v=10.4.0, projectId=2924007}, executionMode=queue, browserVersionType=Dev, usingTunnel=false}']

19-12-2025T02:04:57 - [MESSAGE][INFO] - Connecting to remote web server 'testcloud.katalon.com/wd/hub' with type 'Selenium'

19-12-2025T02:04:57 - [MESSAGE][INFO] - Action delay is set to 0 milliseconds

19-12-2025T02:05:17 - [MESSAGE][WARNING] - Your browser version or type does not support the BiDirectional WebDriver Protocol which is required for Smart Locator functionality. Please update your browser or switch to a compatible one.

19-12-2025T02:05:17 - [MESSAGE][WARNING] - Your browser version or type does not support the BiDirectional WebDriver Protocol which is required for Smart Locator functionality. Please update your browser or switch to a compatible one.

19-12-2025T02:05:17 - [MESSAGE][WARNING] - Your browser version or type does not support the BiDirectional WebDriver Protocol which is required for Smart Locator functionality. Please update your browser or switch to a compatible one.

19-12-2025T02:05:20 - [MESSAGE][PASSED] - Browser is opened with url: 'https://qahris.trilasoft.com/'

19-12-2025T02:05:20 - [TEST_STEP][PASSED] - setText(findTestObject("Object Repository/HRIS/Page_Login  TrilaSoft/input_Remember Me_email"), username): Text 'mnigam@trilasoft.com' is set on object 'Object Repository/HRIS/Page_Login  TrilaSoft/input_Remember Me_email'

19-12-2025T02:05:27 - [MESSAGE][PASSED] - Text 'mnigam@trilasoft.com' is set on object 'Object Repository/HRIS/Page_Login  TrilaSoft/input_Remember Me_email'

19-12-2025T02:05:27 - [TEST_STEP][PASSED] - setEncryptedText(findTestObject("Object Repository/HRIS/Page_Login  TrilaSoft/input_Remember Me_password"), password): Text ****** has been set on object 'Object Repository/HRIS/Page_Login  TrilaSoft/input_Remember Me_password'

19-12-2025T02:05:30 - [MESSAGE][PASSED] - Text ****** has been set on object 'Object Repository/HRIS/Page_Login  TrilaSoft/input_Remember Me_password'

19-12-2025T02:05:30 - [TEST_STEP][PASSED] - click(findTestObject("Object Repository/HRIS/Page_Login  TrilaSoft/button_Remember Me_btn btn-primary")): Object: 'Object Repository/HRIS/Page_Login  TrilaSoft/button_Remember Me_btn btn-primary' is clicked on

19-12-2025T02:05:43 - [MESSAGE][PASSED] - Object: 'Object Repository/HRIS/Page_Login  TrilaSoft/button_Remember Me_btn btn-primary' is clicked on

19-12-2025T02:05:43 - [TEST_STEP][PASSED] - title = getWindowTitle(): Current window's title is: 'My Dashboard | TrilaSoft'

19-12-2025T02:05:43 - [MESSAGE][PASSED] - Current window's title is: 'My Dashboard | TrilaSoft'

19-12-2025T02:05:43 - [TEST_STEP][PASSED] - println(title): null

19-12-2025T02:05:43 - [TEST_STEP][PASSED] - assert title == "My Dashboard | TrilaSoft": null

19-12-2025T02:05:43 - [TEST_STEP][PASSED] - closeBrowser(): Browser is closed

19-12-2025T02:05:44 - [MESSAGE][PASSED] - Browser is closed]]></system-out>
         <system-err><![CDATA[]]></system-err>
      </testcase>
      <system-out><![CDATA[19-12-2025T02:04:38 - [TEST_SUITE][PASSED] - login: null]]></system-out>
      <system-err><![CDATA[]]></system-err>
   </testsuite>
</testsuites>
