<?xml version="1.0" encoding="UTF-8"?>
<testsuites name="TS-testcloud" time="50.269" tests="1" failures="0" errors="0">
   <testsuite name="TS-testcloud" tests="1" failures="0" errors="0" time="50.269" skipped="0" timestamp="2025-12-23T06:13:08.299Z" hostname="Shashi Prasanjit - Shashi" id="Test Suites/TS-testcloud">
      <properties>
[...]
</properties>
      <testcase name="Test Cases/HRIS/studioassist/testcloud" time="49.247" classname="Test Cases/HRIS/studioassist/testcloud" status="PASSED">
         <system-out><![CDATA[23-12-2025T11:43:09 - [TEST_CASE][PASSED] - Test Cases/HRIS/studioassist/testcloud: Test Cases/HRIS/studioassist/testcloud

23-12-2025T11:43:09 - [TEST_STEP][PASSED] - openBrowser(""): Browser is opened with url: ''

23-12-2025T11:43:10 - [MESSAGE][INFO] - User set preference: ['browserVersion', '145']

23-12-2025T11:43:10 - [MESSAGE][INFO] - User set preference: ['browserName', 'chrome']

23-12-2025T11:43:10 - [MESSAGE][INFO] - User set preference: ['platformName', 'windows']

23-12-2025T11:43:10 - [MESSAGE][INFO] - User set preference: ['katalon:options', '{metadata={organizationId=2917188, accountId=1625304, channel=kse;v=10.4.0, projectId=2924007}, tunnelId=, executionMode=queue, browserVersionType=Dev, usingTunnel=true}']

23-12-2025T11:43:10 - [MESSAGE][INFO] - Connecting to remote web server 'testcloud.katalon.com/wd/hub' with type 'Selenium'

23-12-2025T11:43:10 - [MESSAGE][INFO] - Action delay is set to 0 milliseconds

23-12-2025T11:43:48 - [MESSAGE][WARNING] - Your browser version or type does not support the BiDirectional WebDriver Protocol which is required for Smart Locator functionality. Please update your browser or switch to a compatible one.

23-12-2025T11:43:48 - [MESSAGE][WARNING] - Your browser version or type does not support the BiDirectional WebDriver Protocol which is required for Smart Locator functionality. Please update your browser or switch to a compatible one.

23-12-2025T11:43:48 - [MESSAGE][WARNING] - Your browser version or type does not support the BiDirectional WebDriver Protocol which is required for Smart Locator functionality. Please update your browser or switch to a compatible one.

23-12-2025T11:43:49 - [MESSAGE][PASSED] - Browser is opened with url: ''

23-12-2025T11:43:49 - [TEST_STEP][PASSED] - navigateToUrl("http://localhost:3000"): Navigate to 'http://localhost:3000' successfully

23-12-2025T11:43:52 - [MESSAGE][PASSED] - Navigate to 'http://localhost:3000' successfully

23-12-2025T11:43:52 - [TEST_STEP][PASSED] - delay(5): Delayed 5 second(s)

23-12-2025T11:43:57 - [MESSAGE][PASSED] - Delayed 5 second(s)

23-12-2025T11:43:57 - [TEST_STEP][PASSED] - closeBrowser(): Browser is closed

23-12-2025T11:43:58 - [MESSAGE][PASSED] - Browser is closed]]></system-out>
         <system-err><![CDATA[]]></system-err>
      </testcase>
      <system-out><![CDATA[23-12-2025T11:43:08 - [TEST_SUITE][PASSED] - TS-testcloud: null]]></system-out>
      <system-err><![CDATA[]]></system-err>
   </testsuite>
</testsuites>
