<?xml version="1.0" encoding="UTF-8"?>
<testsuites name="TS-testcloud" time="42.13" tests="1" failures="0" errors="0">
   <testsuite name="TS-testcloud" tests="1" failures="0" errors="0" time="42.13" skipped="0" timestamp="2025-12-21T07:35:34.655Z" hostname="Shashi Prasanjit - Shashi" id="Test Suites/TS-testcloud">
      <properties>
[...]
</properties>
      <testcase name="Test Cases/HRIS/studioassist/testcloud" time="41.135" classname="Test Cases/HRIS/studioassist/testcloud" status="PASSED">
         <system-out><![CDATA[21-12-2025T13:05:35 - [TEST_CASE][PASSED] - Test Cases/HRIS/studioassist/testcloud: Test Cases/HRIS/studioassist/testcloud

21-12-2025T13:05:36 - [TEST_STEP][PASSED] - openBrowser(""): Browser is opened with url: ''

21-12-2025T13:05:36 - [MESSAGE][INFO] - User set preference: ['browserVersion', '145']

21-12-2025T13:05:36 - [MESSAGE][INFO] - User set preference: ['browserName', 'chrome']

21-12-2025T13:05:36 - [MESSAGE][INFO] - User set preference: ['platformName', 'windows']

21-12-2025T13:05:36 - [MESSAGE][INFO] - User set preference: ['katalon:options', '{metadata={organizationId=2917188, accountId=1625304, channel=kse;v=10.4.0, projectId=2924007}, tunnelId=, executionMode=queue, browserVersionType=Dev, usingTunnel=true}']

21-12-2025T13:05:36 - [MESSAGE][INFO] - Connecting to remote web server 'testcloud.katalon.com/wd/hub' with type 'Selenium'

21-12-2025T13:05:37 - [MESSAGE][INFO] - Action delay is set to 0 milliseconds

21-12-2025T13:06:09 - [MESSAGE][WARNING] - Your browser version or type does not support the BiDirectional WebDriver Protocol which is required for Smart Locator functionality. Please update your browser or switch to a compatible one.

21-12-2025T13:06:09 - [MESSAGE][WARNING] - Your browser version or type does not support the BiDirectional WebDriver Protocol which is required for Smart Locator functionality. Please update your browser or switch to a compatible one.

21-12-2025T13:06:09 - [MESSAGE][WARNING] - Your browser version or type does not support the BiDirectional WebDriver Protocol which is required for Smart Locator functionality. Please update your browser or switch to a compatible one.

21-12-2025T13:06:10 - [MESSAGE][PASSED] - Browser is opened with url: ''

21-12-2025T13:06:10 - [TEST_STEP][PASSED] - navigateToUrl("file:///C:/Users/Shashi Prasanjit/Desktop/!DOCTYPE.html"): Navigate to 'file:/C:/Users/Shashi Prasanjit/Desktop/!DOCTYPE.html' successfully

21-12-2025T13:06:11 - [MESSAGE][PASSED] - Navigate to 'file:/C:/Users/Shashi Prasanjit/Desktop/!DOCTYPE.html' successfully

21-12-2025T13:06:11 - [TEST_STEP][PASSED] - delay(5): Delayed 5 second(s)

21-12-2025T13:06:16 - [MESSAGE][PASSED] - Delayed 5 second(s)

21-12-2025T13:06:16 - [TEST_STEP][PASSED] - closeBrowser(): Browser is closed

21-12-2025T13:06:16 - [MESSAGE][PASSED] - Browser is closed]]></system-out>
         <system-err><![CDATA[]]></system-err>
      </testcase>
      <system-out><![CDATA[21-12-2025T13:05:34 - [TEST_SUITE][PASSED] - TS-testcloud: null]]></system-out>
      <system-err><![CDATA[]]></system-err>
   </testsuite>
</testsuites>
