<?xml version="1.0" encoding="UTF-8"?>
<testsuites name="dashboard" time="190.136" tests="2" failures="0" errors="0">
   <testsuite name="dashboard" tests="2" failures="0" errors="0" time="190.136" skipped="0" timestamp="2025-12-17T19:24:42.477Z" hostname="Shashi Prasanjit - Shashi" id="Test Suites/dashboard">
      <properties>
[...]
</properties>
      <testcase name="Test Cases/HRIS/dashboard/mydashboard" time="62.567" classname="Test Cases/HRIS/dashboard/mydashboard" status="PASSED">
         <system-out><![CDATA[18-12-2025T00:54:43 - [TEST_CASE][PASSED] - Test Cases/HRIS/dashboard/mydashboard: Test Cases/HRIS/dashboard/mydashboard

18-12-2025T00:54:43 - [TEST_STEP][PASSED] - openBrowser("https://qahris.trilasoft.com/"): Browser is opened with url: 'https://qahris.trilasoft.com/'

18-12-2025T00:54:44 - [MESSAGE][INFO] - User set preference: ['browserVersion', '145']

18-12-2025T00:54:44 - [MESSAGE][INFO] - User set preference: ['browserName', 'chrome']

18-12-2025T00:54:44 - [MESSAGE][INFO] - User set preference: ['platformName', 'windows']

18-12-2025T00:54:44 - [MESSAGE][INFO] - User set preference: ['katalon:options', '{metadata={organizationId=2917188, accountId=1625304, channel=kse;v=10.4.0, projectId=2924007}, executionMode=queue, browserVersionType=Dev, usingTunnel=false}']

18-12-2025T00:54:44 - [MESSAGE][INFO] - Connecting to remote web server 'testcloud.katalon.com/hub' with type 'Selenium'

18-12-2025T00:54:44 - [MESSAGE][INFO] - Action delay is set to 0 milliseconds

18-12-2025T00:55:08 - [MESSAGE][WARNING] - Your browser version or type does not support the BiDirectional WebDriver Protocol which is required for Smart Locator functionality. Please update your browser or switch to a compatible one.

18-12-2025T00:55:08 - [MESSAGE][WARNING] - Your browser version or type does not support the BiDirectional WebDriver Protocol which is required for Smart Locator functionality. Please update your browser or switch to a compatible one.

18-12-2025T00:55:08 - [MESSAGE][WARNING] - Your browser version or type does not support the BiDirectional WebDriver Protocol which is required for Smart Locator functionality. Please update your browser or switch to a compatible one.

18-12-2025T00:55:13 - [MESSAGE][PASSED] - Browser is opened with url: 'https://qahris.trilasoft.com/'

18-12-2025T00:55:13 - [TEST_STEP][PASSED] - setText(findTestObject("Object Repository/HRIS/Page_Login  TrilaSoft/input_Remember Me_email"), username): Text 'mnigam@trilasoft.com' is set on object 'Object Repository/HRIS/Page_Login  TrilaSoft/input_Remember Me_email'

18-12-2025T00:55:20 - [MESSAGE][PASSED] - Text 'mnigam@trilasoft.com' is set on object 'Object Repository/HRIS/Page_Login  TrilaSoft/input_Remember Me_email'

18-12-2025T00:55:20 - [TEST_STEP][PASSED] - setEncryptedText(findTestObject("Object Repository/HRIS/Page_Login  TrilaSoft/input_Remember Me_password"), password): Text ****** has been set on object 'Object Repository/HRIS/Page_Login  TrilaSoft/input_Remember Me_password'

18-12-2025T00:55:24 - [MESSAGE][PASSED] - Text ****** has been set on object 'Object Repository/HRIS/Page_Login  TrilaSoft/input_Remember Me_password'

18-12-2025T00:55:24 - [TEST_STEP][PASSED] - click(findTestObject("Object Repository/HRIS/Page_Login  TrilaSoft/button_Remember Me_btn btn-primary")): Object: 'Object Repository/HRIS/Page_Login  TrilaSoft/button_Remember Me_btn btn-primary' is clicked on

18-12-2025T00:55:36 - [MESSAGE][PASSED] - Object: 'Object Repository/HRIS/Page_Login  TrilaSoft/button_Remember Me_btn btn-primary' is clicked on

18-12-2025T00:55:36 - [TEST_STEP][PASSED] - click(findTestObject("Object Repository/HRIS/dashboard_menu/Page_My Dashboard  TrilaSoft/a")): Object: 'Object Repository/HRIS/dashboard_menu/Page_My Dashboard  TrilaSoft/a' is clicked on

18-12-2025T00:55:43 - [MESSAGE][PASSED] - Object: 'Object Repository/HRIS/dashboard_menu/Page_My Dashboard  TrilaSoft/a' is clicked on

18-12-2025T00:55:43 - [TEST_STEP][PASSED] - title = getText(findTestObject("Object Repository/HRIS/Page_My Dashboard  TrilaSoft/h3")): Text of object 'Object Repository/HRIS/Page_My Dashboard  TrilaSoft/h3' is: 'Monika Nigam (TS/0128)'

18-12-2025T00:55:44 - [MESSAGE][PASSED] - Text of object 'Object Repository/HRIS/Page_My Dashboard  TrilaSoft/h3' is: 'Monika Nigam (TS/0128)'

18-12-2025T00:55:44 - [TEST_STEP][PASSED] - println(title): null

18-12-2025T00:55:44 - [TEST_STEP][PASSED] - assert title == "Monika Nigam (TS/0128)": null

18-12-2025T00:55:44 - [TEST_STEP][PASSED] - closeBrowser(): Browser is closed

18-12-2025T00:55:45 - [MESSAGE][PASSED] - Browser is closed]]></system-out>
         <system-err><![CDATA[]]></system-err>
      </testcase>
      <testcase name="Test Cases/HRIS/dashboard/mydocuments" time="67.111" classname="Test Cases/HRIS/dashboard/mydocuments" status="PASSED">
         <system-out><![CDATA[18-12-2025T00:56:45 - [TEST_CASE][PASSED] - Test Cases/HRIS/dashboard/mydocuments: Test Cases/HRIS/dashboard/mydocuments

18-12-2025T00:56:45 - [TEST_STEP][PASSED] - openBrowser("https://qahris.trilasoft.com/"): Browser is opened with url: 'https://qahris.trilasoft.com/'

18-12-2025T00:56:45 - [MESSAGE][INFO] - User set preference: ['browserVersion', '145']

18-12-2025T00:56:45 - [MESSAGE][INFO] - User set preference: ['browserName', 'chrome']

18-12-2025T00:56:45 - [MESSAGE][INFO] - User set preference: ['platformName', 'windows']

18-12-2025T00:56:45 - [MESSAGE][INFO] - User set preference: ['katalon:options', '{metadata={organizationId=2917188, accountId=1625304, channel=kse;v=10.4.0, projectId=2924007}, executionMode=queue, browserVersionType=Dev, usingTunnel=false}']

18-12-2025T00:56:45 - [MESSAGE][INFO] - Connecting to remote web server 'testcloud.katalon.com/hub' with type 'Selenium'

18-12-2025T00:56:45 - [MESSAGE][INFO] - Action delay is set to 0 milliseconds

18-12-2025T00:57:08 - [MESSAGE][WARNING] - Your browser version or type does not support the BiDirectional WebDriver Protocol which is required for Smart Locator functionality. Please update your browser or switch to a compatible one.

18-12-2025T00:57:08 - [MESSAGE][WARNING] - Your browser version or type does not support the BiDirectional WebDriver Protocol which is required for Smart Locator functionality. Please update your browser or switch to a compatible one.

18-12-2025T00:57:08 - [MESSAGE][WARNING] - Your browser version or type does not support the BiDirectional WebDriver Protocol which is required for Smart Locator functionality. Please update your browser or switch to a compatible one.

18-12-2025T00:57:10 - [MESSAGE][PASSED] - Browser is opened with url: 'https://qahris.trilasoft.com/'

18-12-2025T00:57:10 - [TEST_STEP][PASSED] - setText(findTestObject("Object Repository/HRIS/Page_Login  TrilaSoft/input_Remember Me_email"), username): Text 'mnigam@trilasoft.com' is set on object 'Object Repository/HRIS/Page_Login  TrilaSoft/input_Remember Me_email'

18-12-2025T00:57:21 - [MESSAGE][PASSED] - Text 'mnigam@trilasoft.com' is set on object 'Object Repository/HRIS/Page_Login  TrilaSoft/input_Remember Me_email'

18-12-2025T00:57:21 - [TEST_STEP][PASSED] - setEncryptedText(findTestObject("Object Repository/HRIS/Page_Login  TrilaSoft/input_Remember Me_password"), password): Text ****** has been set on object 'Object Repository/HRIS/Page_Login  TrilaSoft/input_Remember Me_password'

18-12-2025T00:57:25 - [MESSAGE][PASSED] - Text ****** has been set on object 'Object Repository/HRIS/Page_Login  TrilaSoft/input_Remember Me_password'

18-12-2025T00:57:25 - [TEST_STEP][PASSED] - click(findTestObject("Object Repository/HRIS/Page_Login  TrilaSoft/button_Remember Me_btn btn-primary")): Object: 'Object Repository/HRIS/Page_Login  TrilaSoft/button_Remember Me_btn btn-primary' is clicked on

18-12-2025T00:57:39 - [MESSAGE][PASSED] - Object: 'Object Repository/HRIS/Page_Login  TrilaSoft/button_Remember Me_btn btn-primary' is clicked on

18-12-2025T00:57:39 - [TEST_STEP][PASSED] - click(findTestObject("Object Repository/HRIS/dashboard_menu/Page_My Dashboard  TrilaSoft/a_1")): Object: 'Object Repository/HRIS/dashboard_menu/Page_My Dashboard  TrilaSoft/a_1' is clicked on

18-12-2025T00:57:47 - [MESSAGE][PASSED] - Object: 'Object Repository/HRIS/dashboard_menu/Page_My Dashboard  TrilaSoft/a_1' is clicked on

18-12-2025T00:57:47 - [TEST_STEP][PASSED] - title = getText(findTestObject("Object Repository/HRIS/Page_Documents  TrilaSoft/h3")): Text of object 'Object Repository/HRIS/Page_Documents  TrilaSoft/h3' is: 'Documents'

18-12-2025T00:57:49 - [MESSAGE][PASSED] - Text of object 'Object Repository/HRIS/Page_Documents  TrilaSoft/h3' is: 'Documents'

18-12-2025T00:57:49 - [TEST_STEP][PASSED] - println(title): null

18-12-2025T00:57:49 - [TEST_STEP][PASSED] - assert title == "Documents": null

18-12-2025T00:57:50 - [TEST_STEP][PASSED] - closeBrowser(): Browser is closed

18-12-2025T00:57:52 - [MESSAGE][PASSED] - Browser is closed]]></system-out>
         <system-err><![CDATA[]]></system-err>
      </testcase>
      <system-out><![CDATA[18-12-2025T00:54:42 - [TEST_SUITE][PASSED] - dashboard: null]]></system-out>
      <system-err><![CDATA[]]></system-err>
   </testsuite>
</testsuites>
