2025-12-18 23:26:53.692 INFO  c.k.k.c.l.logback.LogbackConfigurator    - Logback default configuration initialized from: C:\Users\Shashi Prasanjit\.katalon\packages\KSE-10.4.0\configuration\org.eclipse.osgi\131\0\.cp\resources\logback\logback-execution.xml
2025-12-18 23:26:53.697 INFO  c.k.k.c.l.logback.LogbackConfigurator    - Logback custom configuration initialized from: C:\githubproject\gocopious\HRIS\Include\config\log.properties
2025-12-18 23:26:54.122 INFO  c.k.katalon.core.main.TestSuiteExecutor  - START Test Suites/TS_02
2025-12-18 23:26:54.900 INFO  c.k.katalon.core.main.TestSuiteExecutor  - userFullName = Shashi Prakash
2025-12-18 23:26:54.906 INFO  c.k.katalon.core.main.TestSuiteExecutor  - projectName = HRIS
2025-12-18 23:26:54.910 INFO  c.k.katalon.core.main.TestSuiteExecutor  - hostName = Shashi Prasanjit - Shashi
2025-12-18 23:26:54.914 INFO  c.k.katalon.core.main.TestSuiteExecutor  - os = Windows 11 64bit
2025-12-18 23:26:54.915 INFO  c.k.katalon.core.main.TestSuiteExecutor  - hostAddress = 192.168.1.4
2025-12-18 23:26:54.918 INFO  c.k.katalon.core.main.TestSuiteExecutor  - katalonVersion = 10.4.0.0
2025-12-18 23:26:56.702 INFO  c.k.katalon.core.main.TestCaseExecutor   - --------------------
2025-12-18 23:26:56.702 INFO  c.k.katalon.core.main.TestCaseExecutor   - START Test Cases/HRIS/SignIn/testcase6
2025-12-18 23:26:57.608 DEBUG testcase.testcase6                       - 1: openBrowser("https://qahris.trilasoft.com/")
2025-12-18 23:26:58.109 INFO  c.k.k.core.webui.driver.DriverFactory    - Starting 'Chrome' driver
2025-12-18 23:26:58.215 INFO  c.k.k.core.webui.driver.DriverFactory    - Action delay is set to 0 milliseconds
Dec 18, 2025 11:27:00 PM org.openqa.selenium.devtools.CdpVersionFinder findNearestMatch
WARNING: Unable to find an exact match for CDP version 142, returning the closest version; found: 138; Please update to a Selenium version that supports CDP version 142
2025-12-18 23:27:01.713 INFO  c.k.k.core.webui.driver.DriverFactory    - sessionId = a3e8a90faa8b9743941f476ca9d444f1
2025-12-18 23:27:01.715 INFO  c.k.k.core.webui.driver.DriverFactory    - browser = Chrome 142.0.7444.177
2025-12-18 23:27:01.716 INFO  c.k.k.core.webui.driver.DriverFactory    - platform = Windows 11
2025-12-18 23:27:01.716 INFO  c.k.k.core.webui.driver.DriverFactory    - seleniumVersion = 4.28.1
2025-12-18 23:27:01.742 INFO  c.k.k.core.webui.driver.DriverFactory    - proxyInformation = ProxyInformation { proxyOption=NO_PROXY, proxyServerType=HTTP, username=, password=********, proxyServerAddress=, proxyServerPort=0, executionList="", isApplyToDesiredCapabilities=true }
2025-12-18 23:27:02.972 DEBUG testcase.testcase6                       - 2: setText(findTestObject("Object Repository/HRIS/Page_Login  TrilaSoft/input_Remember Me_email"), username)
2025-12-18 23:27:04.577 DEBUG testcase.testcase6                       - 3: setEncryptedText(findTestObject("Object Repository/HRIS/Page_Login  TrilaSoft/input_Remember Me_password"), password)
2025-12-18 23:27:05.327 DEBUG testcase.testcase6                       - 4: click(findTestObject("Object Repository/HRIS/Page_Login  TrilaSoft/button_Remember Me_btn btn-primary"))
2025-12-18 23:27:06.050 DEBUG testcase.testcase6                       - 5: title = getWindowTitle()
2025-12-18 23:27:12.998 DEBUG testcase.testcase6                       - 6: println(title)
Login | TrilaSoft
2025-12-18 23:27:13.008 DEBUG testcase.testcase6                       - 7: assert title == "My Dashboard | TrilaSoft"
2025-12-18 23:27:13.015 ERROR c.k.katalon.core.main.TestCaseExecutor   - ❌ Test Cases/HRIS/SignIn/testcase6 FAILED.
Reason:
Assertion failed: 

assert title == "My Dashboard | TrilaSoft"
       |     |
       |     false
       'Login | TrilaSoft'

	at testcase6.run(testcase6:29)
	at com.kms.katalon.core.main.ScriptEngine.run(ScriptEngine.java:194)
	at com.kms.katalon.core.main.ScriptEngine.runScriptAsRawText(ScriptEngine.java:119)
	at com.kms.katalon.core.main.TestCaseExecutor.runScript(TestCaseExecutor.java:486)
	at com.kms.katalon.core.main.TestCaseExecutor.doExecute(TestCaseExecutor.java:477)
	at com.kms.katalon.core.main.TestCaseExecutor.processExecutionPhase(TestCaseExecutor.java:456)
	at com.kms.katalon.core.main.TestCaseExecutor.accessMainPhase(TestCaseExecutor.java:448)
	at com.kms.katalon.core.main.TestCaseExecutor.execute(TestCaseExecutor.java:322)
	at com.kms.katalon.core.common.CommonExecutor.accessTestCaseMainPhase(CommonExecutor.java:71)
	at com.kms.katalon.core.main.TestSuiteExecutor.accessTestSuiteMainPhase(TestSuiteExecutor.java:145)
	at com.kms.katalon.core.main.TestSuiteExecutor.execute(TestSuiteExecutor.java:104)
	at com.kms.katalon.core.main.TestCaseMain.startTestSuite(TestCaseMain.java:205)
	at TempTestSuite1766080607714.run(TempTestSuite1766080607714.groovy:35)
	at java.base/jdk.internal.reflect.NativeMethodAccessorImpl.invoke0(Native Method)
	at java.base/jdk.internal.reflect.NativeMethodAccessorImpl.invoke(NativeMethodAccessorImpl.java:77)
	at java.base/jdk.internal.reflect.DelegatingMethodAccessorImpl.invoke(DelegatingMethodAccessorImpl.java:43)

2025-12-18 23:27:13.027 ERROR c.k.katalon.core.main.TestCaseExecutor   - ❌ Test Cases/HRIS/SignIn/testcase6 FAILED.
Reason:
Assertion failed: 

assert title == "My Dashboard | TrilaSoft"
       |     |
       |     false
       'Login | TrilaSoft'

	at testcase6.run(testcase6:29)
	at com.kms.katalon.core.main.ScriptEngine.run(ScriptEngine.java:194)
	at com.kms.katalon.core.main.ScriptEngine.runScriptAsRawText(ScriptEngine.java:119)
	at com.kms.katalon.core.main.TestCaseExecutor.runScript(TestCaseExecutor.java:486)
	at com.kms.katalon.core.main.TestCaseExecutor.doExecute(TestCaseExecutor.java:477)
	at com.kms.katalon.core.main.TestCaseExecutor.processExecutionPhase(TestCaseExecutor.java:456)
	at com.kms.katalon.core.main.TestCaseExecutor.accessMainPhase(TestCaseExecutor.java:448)
	at com.kms.katalon.core.main.TestCaseExecutor.execute(TestCaseExecutor.java:322)
	at com.kms.katalon.core.common.CommonExecutor.accessTestCaseMainPhase(CommonExecutor.java:71)
	at com.kms.katalon.core.main.TestSuiteExecutor.accessTestSuiteMainPhase(TestSuiteExecutor.java:145)
	at com.kms.katalon.core.main.TestSuiteExecutor.execute(TestSuiteExecutor.java:104)
	at com.kms.katalon.core.main.TestCaseMain.startTestSuite(TestCaseMain.java:205)
	at TempTestSuite1766080607714.run(TempTestSuite1766080607714.groovy:35)
	at java.base/jdk.internal.reflect.NativeMethodAccessorImpl.invoke0(Native Method)
	at java.base/jdk.internal.reflect.NativeMethodAccessorImpl.invoke(NativeMethodAccessorImpl.java:77)
	at java.base/jdk.internal.reflect.DelegatingMethodAccessorImpl.invoke(DelegatingMethodAccessorImpl.java:43)

2025-12-18 23:27:13.030 INFO  c.k.katalon.core.main.TestCaseExecutor   - END Test Cases/HRIS/SignIn/testcase6
2025-12-18 23:27:13.041 INFO  c.k.katalon.core.main.TestCaseExecutor   - --------------------
2025-12-18 23:27:13.041 INFO  c.k.katalon.core.main.TestCaseExecutor   - START Test Cases/HRIS/SignIn/testcase7
2025-12-18 23:27:13.066 DEBUG testcase.testcase6                       - 1: openBrowser("https://qahris.trilasoft.com/")
2025-12-18 23:27:13.074 WARN  c.k.k.core.webui.driver.DriverFactory    - A browser is already opened. Closing browser and opening a new one
2025-12-18 23:27:13.493 INFO  c.k.k.core.webui.driver.DriverFactory    - Starting 'Chrome' driver
2025-12-18 23:27:13.496 INFO  c.k.k.core.webui.driver.DriverFactory    - Action delay is set to 0 milliseconds
Dec 18, 2025 11:27:15 PM org.openqa.selenium.devtools.CdpVersionFinder findNearestMatch
WARNING: Unable to find an exact match for CDP version 142, returning the closest version; found: 138; Please update to a Selenium version that supports CDP version 142
2025-12-18 23:27:15.357 INFO  c.k.k.core.webui.driver.DriverFactory    - sessionId = 46b0feafeefc43d979394ed069868bef
2025-12-18 23:27:15.358 INFO  c.k.k.core.webui.driver.DriverFactory    - browser = Chrome 142.0.7444.177
2025-12-18 23:27:15.359 INFO  c.k.k.core.webui.driver.DriverFactory    - platform = Windows 11
2025-12-18 23:27:15.360 INFO  c.k.k.core.webui.driver.DriverFactory    - seleniumVersion = 4.28.1
2025-12-18 23:27:15.362 INFO  c.k.k.core.webui.driver.DriverFactory    - proxyInformation = ProxyInformation { proxyOption=NO_PROXY, proxyServerType=HTTP, username=, password=********, proxyServerAddress=, proxyServerPort=0, executionList="", isApplyToDesiredCapabilities=true }
2025-12-18 23:27:16.092 DEBUG testcase.testcase6                       - 2: setText(findTestObject("Object Repository/HRIS/Page_Login  TrilaSoft/input_Remember Me_email"), username)
2025-12-18 23:27:18.119 DEBUG testcase.testcase6                       - 3: setEncryptedText(findTestObject("Object Repository/HRIS/Page_Login  TrilaSoft/input_Remember Me_password"), password)
2025-12-18 23:27:19.118 DEBUG testcase.testcase6                       - 4: click(findTestObject("Object Repository/HRIS/Page_Login  TrilaSoft/button_Remember Me_btn btn-primary"))
2025-12-18 23:27:19.726 DEBUG testcase.testcase6                       - 5: title = getWindowTitle()
2025-12-18 23:27:19.753 DEBUG testcase.testcase6                       - 6: println(title)
Login | TrilaSoft
2025-12-18 23:27:19.755 DEBUG testcase.testcase6                       - 7: assert title == "My Dashboard | TrilaSoft"
2025-12-18 23:27:19.756 ERROR c.k.katalon.core.main.TestCaseExecutor   - ❌ Test Cases/HRIS/SignIn/testcase7 FAILED.
Reason:
Assertion failed: 

assert title == "My Dashboard | TrilaSoft"
       |     |
       |     false
       'Login | TrilaSoft'

	at testcase6.run(testcase6:29)
	at com.kms.katalon.core.main.ScriptEngine.run(ScriptEngine.java:194)
	at com.kms.katalon.core.main.ScriptEngine.runScriptAsRawText(ScriptEngine.java:119)
	at com.kms.katalon.core.main.TestCaseExecutor.runScript(TestCaseExecutor.java:486)
	at com.kms.katalon.core.main.TestCaseExecutor.doExecute(TestCaseExecutor.java:477)
	at com.kms.katalon.core.main.TestCaseExecutor.processExecutionPhase(TestCaseExecutor.java:456)
	at com.kms.katalon.core.main.TestCaseExecutor.accessMainPhase(TestCaseExecutor.java:448)
	at com.kms.katalon.core.main.TestCaseExecutor.execute(TestCaseExecutor.java:322)
	at com.kms.katalon.core.common.CommonExecutor.accessTestCaseMainPhase(CommonExecutor.java:71)
	at com.kms.katalon.core.main.TestSuiteExecutor.accessTestSuiteMainPhase(TestSuiteExecutor.java:145)
	at com.kms.katalon.core.main.TestSuiteExecutor.execute(TestSuiteExecutor.java:104)
	at com.kms.katalon.core.main.TestCaseMain.startTestSuite(TestCaseMain.java:205)
	at TempTestSuite1766080607714.run(TempTestSuite1766080607714.groovy:35)
	at java.base/jdk.internal.reflect.NativeMethodAccessorImpl.invoke0(Native Method)
	at java.base/jdk.internal.reflect.NativeMethodAccessorImpl.invoke(NativeMethodAccessorImpl.java:77)
	at java.base/jdk.internal.reflect.DelegatingMethodAccessorImpl.invoke(DelegatingMethodAccessorImpl.java:43)

2025-12-18 23:27:19.761 ERROR c.k.katalon.core.main.TestCaseExecutor   - ❌ Test Cases/HRIS/SignIn/testcase7 FAILED.
Reason:
Assertion failed: 

assert title == "My Dashboard | TrilaSoft"
       |     |
       |     false
       'Login | TrilaSoft'

	at testcase6.run(testcase6:29)
	at com.kms.katalon.core.main.ScriptEngine.run(ScriptEngine.java:194)
	at com.kms.katalon.core.main.ScriptEngine.runScriptAsRawText(ScriptEngine.java:119)
	at com.kms.katalon.core.main.TestCaseExecutor.runScript(TestCaseExecutor.java:486)
	at com.kms.katalon.core.main.TestCaseExecutor.doExecute(TestCaseExecutor.java:477)
	at com.kms.katalon.core.main.TestCaseExecutor.processExecutionPhase(TestCaseExecutor.java:456)
	at com.kms.katalon.core.main.TestCaseExecutor.accessMainPhase(TestCaseExecutor.java:448)
	at com.kms.katalon.core.main.TestCaseExecutor.execute(TestCaseExecutor.java:322)
	at com.kms.katalon.core.common.CommonExecutor.accessTestCaseMainPhase(CommonExecutor.java:71)
	at com.kms.katalon.core.main.TestSuiteExecutor.accessTestSuiteMainPhase(TestSuiteExecutor.java:145)
	at com.kms.katalon.core.main.TestSuiteExecutor.execute(TestSuiteExecutor.java:104)
	at com.kms.katalon.core.main.TestCaseMain.startTestSuite(TestCaseMain.java:205)
	at TempTestSuite1766080607714.run(TempTestSuite1766080607714.groovy:35)
	at java.base/jdk.internal.reflect.NativeMethodAccessorImpl.invoke0(Native Method)
	at java.base/jdk.internal.reflect.NativeMethodAccessorImpl.invoke(NativeMethodAccessorImpl.java:77)
	at java.base/jdk.internal.reflect.DelegatingMethodAccessorImpl.invoke(DelegatingMethodAccessorImpl.java:43)

2025-12-18 23:27:19.765 INFO  c.k.katalon.core.main.TestCaseExecutor   - END Test Cases/HRIS/SignIn/testcase7
2025-12-18 23:27:19.772 INFO  c.k.katalon.core.main.TestCaseExecutor   - --------------------
2025-12-18 23:27:19.772 INFO  c.k.katalon.core.main.TestCaseExecutor   - START Test Cases/HRIS/SignIn/testcase8
2025-12-18 23:27:19.795 DEBUG testcase.testcase6                       - 1: openBrowser("https://qahris.trilasoft.com/")
2025-12-18 23:27:19.802 WARN  c.k.k.core.webui.driver.DriverFactory    - A browser is already opened. Closing browser and opening a new one
2025-12-18 23:27:20.186 INFO  c.k.k.core.webui.driver.DriverFactory    - Starting 'Chrome' driver
2025-12-18 23:27:20.188 INFO  c.k.k.core.webui.driver.DriverFactory    - Action delay is set to 0 milliseconds
Dec 18, 2025 11:27:21 PM org.openqa.selenium.devtools.CdpVersionFinder findNearestMatch
WARNING: Unable to find an exact match for CDP version 142, returning the closest version; found: 138; Please update to a Selenium version that supports CDP version 142
2025-12-18 23:27:21.949 INFO  c.k.k.core.webui.driver.DriverFactory    - sessionId = ef1c0ef7b9978d3962f0d5b9b53600e4
2025-12-18 23:27:21.951 INFO  c.k.k.core.webui.driver.DriverFactory    - browser = Chrome 142.0.7444.177
2025-12-18 23:27:21.953 INFO  c.k.k.core.webui.driver.DriverFactory    - platform = Windows 11
2025-12-18 23:27:21.954 INFO  c.k.k.core.webui.driver.DriverFactory    - seleniumVersion = 4.28.1
2025-12-18 23:27:21.955 INFO  c.k.k.core.webui.driver.DriverFactory    - proxyInformation = ProxyInformation { proxyOption=NO_PROXY, proxyServerType=HTTP, username=, password=********, proxyServerAddress=, proxyServerPort=0, executionList="", isApplyToDesiredCapabilities=true }
2025-12-18 23:27:23.101 DEBUG testcase.testcase6                       - 2: setText(findTestObject("Object Repository/HRIS/Page_Login  TrilaSoft/input_Remember Me_email"), username)
2025-12-18 23:27:24.581 DEBUG testcase.testcase6                       - 3: setEncryptedText(findTestObject("Object Repository/HRIS/Page_Login  TrilaSoft/input_Remember Me_password"), password)
2025-12-18 23:27:25.198 DEBUG testcase.testcase6                       - 4: click(findTestObject("Object Repository/HRIS/Page_Login  TrilaSoft/button_Remember Me_btn btn-primary"))
2025-12-18 23:27:31.957 DEBUG testcase.testcase6                       - 5: title = getWindowTitle()
2025-12-18 23:27:31.988 DEBUG testcase.testcase6                       - 6: println(title)
My Dashboard | TrilaSoft
2025-12-18 23:27:31.991 DEBUG testcase.testcase6                       - 7: assert title == "My Dashboard | TrilaSoft"
2025-12-18 23:27:31.997 DEBUG testcase.testcase6                       - 8: closeBrowser()
2025-12-18 23:27:32.673 INFO  c.k.katalon.core.main.TestCaseExecutor   - END Test Cases/HRIS/SignIn/testcase8
2025-12-18 23:27:32.681 INFO  c.k.katalon.core.main.TestCaseExecutor   - --------------------
2025-12-18 23:27:32.681 INFO  c.k.katalon.core.main.TestCaseExecutor   - START Test Cases/HRIS/SignIn/testcase9
2025-12-18 23:27:32.707 DEBUG testcase.testcase6                       - 1: openBrowser("https://qahris.trilasoft.com/")
2025-12-18 23:27:32.715 INFO  c.k.k.core.webui.driver.DriverFactory    - Starting 'Chrome' driver
2025-12-18 23:27:32.718 INFO  c.k.k.core.webui.driver.DriverFactory    - Action delay is set to 0 milliseconds
Dec 18, 2025 11:27:34 PM org.openqa.selenium.devtools.CdpVersionFinder findNearestMatch
WARNING: Unable to find an exact match for CDP version 142, returning the closest version; found: 138; Please update to a Selenium version that supports CDP version 142
2025-12-18 23:27:34.928 INFO  c.k.k.core.webui.driver.DriverFactory    - sessionId = 294cdc8d29fe27e0ba26f24cb7ba7609
2025-12-18 23:27:34.929 INFO  c.k.k.core.webui.driver.DriverFactory    - browser = Chrome 142.0.7444.177
2025-12-18 23:27:34.930 INFO  c.k.k.core.webui.driver.DriverFactory    - platform = Windows 11
2025-12-18 23:27:34.931 INFO  c.k.k.core.webui.driver.DriverFactory    - seleniumVersion = 4.28.1
2025-12-18 23:27:34.932 INFO  c.k.k.core.webui.driver.DriverFactory    - proxyInformation = ProxyInformation { proxyOption=NO_PROXY, proxyServerType=HTTP, username=, password=********, proxyServerAddress=, proxyServerPort=0, executionList="", isApplyToDesiredCapabilities=true }
2025-12-18 23:27:35.695 DEBUG testcase.testcase6                       - 2: setText(findTestObject("Object Repository/HRIS/Page_Login  TrilaSoft/input_Remember Me_email"), username)
2025-12-18 23:27:36.910 DEBUG testcase.testcase6                       - 3: setEncryptedText(findTestObject("Object Repository/HRIS/Page_Login  TrilaSoft/input_Remember Me_password"), password)
2025-12-18 23:27:37.531 DEBUG testcase.testcase6                       - 4: click(findTestObject("Object Repository/HRIS/Page_Login  TrilaSoft/button_Remember Me_btn btn-primary"))
2025-12-18 23:27:42.148 DEBUG testcase.testcase6                       - 5: title = getWindowTitle()
2025-12-18 23:27:42.187 DEBUG testcase.testcase6                       - 6: println(title)
My Dashboard | TrilaSoft
2025-12-18 23:27:42.193 DEBUG testcase.testcase6                       - 7: assert title == "My Dashboard | TrilaSoft"
2025-12-18 23:27:42.198 DEBUG testcase.testcase6                       - 8: closeBrowser()
2025-12-18 23:27:47.052 INFO  c.k.katalon.core.main.TestCaseExecutor   - END Test Cases/HRIS/SignIn/testcase9
2025-12-18 23:27:47.059 INFO  c.k.katalon.core.main.TestCaseExecutor   - --------------------
2025-12-18 23:27:47.060 INFO  c.k.katalon.core.main.TestCaseExecutor   - START Test Cases/HRIS/SignIn/testcase10
2025-12-18 23:27:47.088 DEBUG testcase.testcase6                       - 1: openBrowser("https://qahris.trilasoft.com/")
2025-12-18 23:27:47.094 INFO  c.k.k.core.webui.driver.DriverFactory    - Starting 'Chrome' driver
2025-12-18 23:27:47.096 INFO  c.k.k.core.webui.driver.DriverFactory    - Action delay is set to 0 milliseconds
Dec 18, 2025 11:27:49 PM org.openqa.selenium.devtools.CdpVersionFinder findNearestMatch
WARNING: Unable to find an exact match for CDP version 142, returning the closest version; found: 138; Please update to a Selenium version that supports CDP version 142
2025-12-18 23:27:49.362 INFO  c.k.k.core.webui.driver.DriverFactory    - sessionId = 385c2fd456283de5673709fe275c7abb
2025-12-18 23:27:49.363 INFO  c.k.k.core.webui.driver.DriverFactory    - browser = Chrome 142.0.7444.177
2025-12-18 23:27:49.364 INFO  c.k.k.core.webui.driver.DriverFactory    - platform = Windows 11
2025-12-18 23:27:49.365 INFO  c.k.k.core.webui.driver.DriverFactory    - seleniumVersion = 4.28.1
2025-12-18 23:27:49.365 INFO  c.k.k.core.webui.driver.DriverFactory    - proxyInformation = ProxyInformation { proxyOption=NO_PROXY, proxyServerType=HTTP, username=, password=********, proxyServerAddress=, proxyServerPort=0, executionList="", isApplyToDesiredCapabilities=true }
2025-12-18 23:27:50.138 DEBUG testcase.testcase6                       - 2: setText(findTestObject("Object Repository/HRIS/Page_Login  TrilaSoft/input_Remember Me_email"), username)
2025-12-18 23:27:51.445 DEBUG testcase.testcase6                       - 3: setEncryptedText(findTestObject("Object Repository/HRIS/Page_Login  TrilaSoft/input_Remember Me_password"), password)
2025-12-18 23:27:52.081 DEBUG testcase.testcase6                       - 4: click(findTestObject("Object Repository/HRIS/Page_Login  TrilaSoft/button_Remember Me_btn btn-primary"))
2025-12-18 23:27:56.693 DEBUG testcase.testcase6                       - 5: title = getWindowTitle()
2025-12-18 23:27:56.712 DEBUG testcase.testcase6                       - 6: println(title)
My Dashboard | TrilaSoft
2025-12-18 23:27:56.714 DEBUG testcase.testcase6                       - 7: assert title == "My Dashboard | TrilaSoft"
2025-12-18 23:27:56.715 DEBUG testcase.testcase6                       - 8: closeBrowser()
2025-12-18 23:27:57.393 INFO  c.k.katalon.core.main.TestCaseExecutor   - END Test Cases/HRIS/SignIn/testcase10
2025-12-18 23:27:57.485 INFO  c.k.katalon.core.main.TestSuiteExecutor  - --------------------
2025-12-18 23:27:57.485 INFO  c.k.katalon.core.main.TestSuiteExecutor  - END Test Suites/TS_02
2025-12-18 23:27:57.485 INFO  c.k.katalon.core.main.TestSuiteExecutor  - ====================
