<?xml version="1.0" encoding="UTF-8"?>
<testsuites name="TS-testcloud" time="23.641" tests="1" failures="0" errors="0">
   <testsuite name="TS-testcloud" tests="1" failures="0" errors="0" time="23.641" skipped="0" timestamp="2025-12-18T20:51:43.364Z" hostname="Shashi Prasanjit - Shashi" id="Test Suites/TS-testcloud">
      <properties>
[...]
</properties>
      <testcase name="Test Cases/HRIS/studioassist/testcloud" time="22.893" classname="Test Cases/HRIS/studioassist/testcloud" status="PASSED">
         <system-out><![CDATA[19-12-2025T02:21:44 - [TEST_CASE][PASSED] - Test Cases/HRIS/studioassist/testcloud: Test Cases/HRIS/studioassist/testcloud

19-12-2025T02:21:44 - [TEST_STEP][PASSED] - openBrowser(""): Browser is opened with url: ''

19-12-2025T02:21:44 - [MESSAGE][INFO] - User set preference: ['browserVersion', '145']

19-12-2025T02:21:44 - [MESSAGE][INFO] - User set preference: ['browserName', 'chrome']

19-12-2025T02:21:44 - [MESSAGE][INFO] - User set preference: ['platformName', 'windows']

19-12-2025T02:21:44 - [MESSAGE][INFO] - User set preference: ['katalon:options', '{metadata={organizationId=2917188, accountId=1625304, channel=kse;v=10.4.0, projectId=2924007}, executionMode=queue, browserVersionType=Dev, usingTunnel=false}']

19-12-2025T02:21:44 - [MESSAGE][INFO] - Connecting to remote web server 'testcloud.katalon.com/wd/hub' with type 'Selenium'

19-12-2025T02:21:45 - [MESSAGE][INFO] - Action delay is set to 0 milliseconds

19-12-2025T02:21:57 - [MESSAGE][WARNING] - Your browser version or type does not support the BiDirectional WebDriver Protocol which is required for Smart Locator functionality. Please update your browser or switch to a compatible one.

19-12-2025T02:21:57 - [MESSAGE][WARNING] - Your browser version or type does not support the BiDirectional WebDriver Protocol which is required for Smart Locator functionality. Please update your browser or switch to a compatible one.

19-12-2025T02:21:57 - [MESSAGE][WARNING] - Your browser version or type does not support the BiDirectional WebDriver Protocol which is required for Smart Locator functionality. Please update your browser or switch to a compatible one.

19-12-2025T02:22:00 - [MESSAGE][PASSED] - Browser is opened with url: ''

19-12-2025T02:22:00 - [TEST_STEP][PASSED] - navigateToUrl("file:///C:/Users/Shashi Prasanjit/Desktop/!DOCTYPE.html"): Navigate to 'file:/C:/Users/Shashi Prasanjit/Desktop/!DOCTYPE.html' successfully

19-12-2025T02:22:00 - [MESSAGE][PASSED] - Navigate to 'file:/C:/Users/Shashi Prasanjit/Desktop/!DOCTYPE.html' successfully

19-12-2025T02:22:00 - [TEST_STEP][PASSED] - delay(5): Delayed 5 second(s)

19-12-2025T02:22:05 - [MESSAGE][PASSED] - Delayed 5 second(s)

19-12-2025T02:22:05 - [TEST_STEP][PASSED] - closeBrowser(): Browser is closed

19-12-2025T02:22:06 - [MESSAGE][PASSED] - Browser is closed]]></system-out>
         <system-err><![CDATA[]]></system-err>
      </testcase>
      <system-out><![CDATA[19-12-2025T02:21:43 - [TEST_SUITE][PASSED] - TS-testcloud: null]]></system-out>
      <system-err><![CDATA[]]></system-err>
   </testsuite>
</testsuites>
